app/build/intermediates/manifest_merge_blame_file/debug/manifest-merger-blame-debug-report.txt
1<?xml version="1.0" encoding="utf-8"?>
2<manifest xmlns:android="http://schemas.android.com/apk/res/android"
3    package="com.nexa.demo"
4    android:versionCode="1"
5    android:versionName="1.0" >
6
7    <uses-sdk
8        android:minSdkVersion="27"
8-->src/main/AndroidManifest.xml
9        android:targetSdkVersion="34" />
9-->src/main/AndroidManifest.xml
10
11    <uses-permission android:name="android.permission.INTERNET" />
11-->src/main/AndroidManifest.xml:4:5-67
11-->src/main/AndroidManifest.xml:4:22-64
12
13    <permission
13-->[androidx.core:core:1.12.0] AndroidManifest.xml:22:5-24:47
14        android:name="com.nexa.demo.DYNAMIC_RECEIVER_NOT_EXPORTED_PERMISSION"
14-->[androidx.core:core:1.12.0] AndroidManifest.xml:23:9-81
15        android:protectionLevel="signature" />
15-->[androidx.core:core:1.12.0] AndroidManifest.xml:24:9-44
16
17    <uses-permission android:name="com.nexa.demo.DYNAMIC_RECEIVER_NOT_EXPORTED_PERMISSION" />
17-->[androidx.core:core:1.12.0] AndroidManifest.xml:26:5-97
17-->[androidx.core:core:1.12.0] AndroidManifest.xml:26:22-94
18
19    <application
19-->src/main/AndroidManifest.xml:6:5-21:19
20        android:allowBackup="true"
20-->src/main/AndroidManifest.xml:7:9-35
21        android:appComponentFactory="androidx.core.app.CoreComponentFactory"
21-->[androidx.core:core:1.12.0] AndroidManifest.xml:28:18-86
22        android:debuggable="true"
23        android:icon="@mipmap/ic_launcher"
23-->src/main/AndroidManifest.xml:8:9-43
24        android:label="@string/app_name"
24-->src/main/AndroidManifest.xml:9:9-41
25        android:roundIcon="@mipmap/ic_launcher_round"
25-->src/main/AndroidManifest.xml:10:9-54
26        android:supportsRtl="true"
26-->src/main/AndroidManifest.xml:11:9-35
27        android:theme="@style/Theme.NexaDemo" >
27-->src/main/AndroidManifest.xml:12:9-46
28        <activity
28-->src/main/AndroidManifest.xml:13:9-20:20
29            android:name="com.nexa.demo.MainActivity"
29-->src/main/AndroidManifest.xml:14:13-41
30            android:exported="true" >
30-->src/main/AndroidManifest.xml:15:13-36
31            <intent-filter>
31-->src/main/AndroidManifest.xml:16:13-19:29
32                <action android:name="android.intent.action.MAIN" />
32-->src/main/AndroidManifest.xml:17:17-69
32-->src/main/AndroidManifest.xml:17:25-66
33
34                <category android:name="android.intent.category.LAUNCHER" />
34-->src/main/AndroidManifest.xml:18:17-77
34-->src/main/AndroidManifest.xml:18:27-74
35            </intent-filter>
36        </activity>
37
38        <uses-native-library
38-->[ai.nexa:core:0.0.22] AndroidManifest.xml:8:9-10:40
39            android:name="libadsprpc.so"
39-->[ai.nexa:core:0.0.22] AndroidManifest.xml:9:13-41
40            android:required="false" />
40-->[ai.nexa:core:0.0.22] AndroidManifest.xml:10:13-37
41        <uses-native-library
41-->[ai.nexa:core:0.0.22] AndroidManifest.xml:8:9-10:40
42            android:name="libcdsprpc.so"
42-->[ai.nexa:core:0.0.22] AndroidManifest.xml:9:13-41
43            android:required="false" />
43-->[ai.nexa:core:0.0.22] AndroidManifest.xml:10:13-37
44        <uses-native-library
44-->[ai.nexa:core:0.0.22] AndroidManifest.xml:8:9-10:40
45            android:name="libOpenCL.so"
45-->[ai.nexa:core:0.0.22] AndroidManifest.xml:9:13-41
46            android:required="false" />
46-->[ai.nexa:core:0.0.22] AndroidManifest.xml:10:13-37
47    </application>
48
49</manifest>